{"level":"DEBUG","time":"2023-08-13T15:27:23.663+0800","caller":"02-GO_Web_CLI/main.go:36","msg":"logger init success..."}
{"level":"ERROR","time":"2023-08-13T15:27:23.693+0800","caller":"mysql/mysql.go:29","msg":"connect DB failed","error":"dial tcp: lookup tcp/%!s(int=3306): getaddrinfow: The specified class was not found."}
{"level":"DEBUG","time":"2023-08-13T15:29:06.210+0800","caller":"02-GO_Web_CLI/main.go:36","msg":"logger init success..."}
{"level":"ERROR","time":"2023-08-13T15:29:06.230+0800","caller":"mysql/mysql.go:29","msg":"connect DB failed","error":"dial tcp: lookup tcp/%!s(int=3306): getaddrinfow: The specified class was not found."}
{"level":"DEBUG","time":"2023-08-13T15:36:21.476+0800","caller":"02-GO_Web_CLI/main.go:36","msg":"logger init success..."}
{"level":"ERROR","time":"2023-08-13T15:36:21.506+0800","caller":"mysql/mysql.go:28","msg":"connect DB failed","error":"dial tcp: lookup tcp/%!s(int=3306): getaddrinfow: The specified class was not found."}
{"level":"DEBUG","time":"2023-08-13T15:36:53.935+0800","caller":"02-GO_Web_CLI/main.go:36","msg":"logger init success..."}
{"level":"ERROR","time":"2023-08-13T15:36:53.958+0800","caller":"mysql/mysql.go:28","msg":"connect DB failed","error":"dial tcp: lookup tcp/%!s(int=3306): getaddrinfow: The specified class was not found."}
{"level":"DEBUG","time":"2023-08-13T15:38:31.002+0800","caller":"02-GO_Web_CLI/main.go:36","msg":"logger init success..."}
{"level":"ERROR","time":"2023-08-13T15:38:31.024+0800","caller":"mysql/mysql.go:28","msg":"connect DB failed","error":"dial tcp: lookup tcp/%!s(int=3306): getaddrinfow: The specified class was not found."}
{"level":"DEBUG","time":"2023-08-13T15:38:48.707+0800","caller":"02-GO_Web_CLI/main.go:36","msg":"logger init success..."}
{"level":"ERROR","time":"2023-08-13T15:38:48.727+0800","caller":"mysql/mysql.go:28","msg":"connect DB failed","error":"dial tcp: lookup tcp/%!s(int=3306): getaddrinfow: The specified class was not found."}
{"level":"DEBUG","time":"2023-08-13T15:40:39.488+0800","caller":"02-GO_Web_CLI/main.go:36","msg":"logger init success..."}
{"level":"DEBUG","time":"2023-08-13T16:51:21.041+0800","caller":"02-GO_Web_CLI/main.go:36","msg":"logger init success..."}
{"level":"INFO","time":"2023-08-13T16:51:28.737+0800","caller":"02-GO_Web_CLI/main.go:72","msg":"Shutdown Server ..."}
{"level":"INFO","time":"2023-08-13T16:51:28.738+0800","caller":"02-GO_Web_CLI/main.go:81","msg":"Server exiting"}
{"level":"DEBUG","time":"2023-08-13T22:18:04.385+0800","caller":"02-GO_Web_CLI/main.go:36","msg":"logger init success..."}
{"level":"INFO","time":"2023-08-13T22:18:13.377+0800","caller":"02-GO_Web_CLI/main.go:72","msg":"Shutdown Server ..."}
{"level":"INFO","time":"2023-08-13T22:18:13.377+0800","caller":"02-GO_Web_CLI/main.go:81","msg":"Server exiting"}
{"level":"DEBUG","time":"2023-08-13T22:33:25.845+0800","caller":"02-GO_Web_CLI/main.go:36","msg":"logger init success..."}
{"level":"INFO","time":"2023-08-13T22:33:33.017+0800","caller":"02-GO_Web_CLI/main.go:72","msg":"Shutdown Server ..."}
{"level":"INFO","time":"2023-08-13T22:33:33.017+0800","caller":"02-GO_Web_CLI/main.go:81","msg":"Server exiting"}
{"level":"DEBUG","time":"2023-08-13T23:33:50.136+0800","caller":"02-GO_Web_CLI/main.go:36","msg":"logger init success..."}
{"level":"ERROR","time":"2023-08-13T23:33:50.183+0800","caller":"mysql/mysql.go:28","msg":"connect DB failed","error":"Error 1045 (28000): Access denied for user 'root'@'localhost' (using password: YES)"}
{"level":"DEBUG","time":"2023-08-13T23:34:04.947+0800","caller":"02-GO_Web_CLI/main.go:36","msg":"logger init success..."}
{"level":"INFO","time":"2023-08-13T23:34:14.992+0800","caller":"02-GO_Web_CLI/main.go:72","msg":"Shutdown Server ..."}
{"level":"INFO","time":"2023-08-13T23:34:14.992+0800","caller":"02-GO_Web_CLI/main.go:81","msg":"Server exiting"}
{"level":"DEBUG","time":"2023-08-14T22:26:36.472+0800","caller":"03-gin_bluebell/main.go:37","msg":"logger init success..."}
{"level":"DEBUG","time":"2023-08-14T22:28:28.887+0800","caller":"03-gin_bluebell/main.go:37","msg":"logger init success..."}
{"level":"DEBUG","time":"2023-08-14T22:37:49.986+0800","caller":"03-gin_bluebell/main.go:37","msg":"logger init success..."}
{"level":"DEBUG","time":"2023-08-14T22:41:37.674+0800","caller":"03-gin_bluebell/main.go:37","msg":"logger init success..."}
{"level":"DEBUG","time":"2023-08-14T22:45:47.475+0800","caller":"03-gin_bluebell/main.go:37","msg":"logger init success..."}
{"level":"DEBUG","time":"2023-08-14T22:47:33.902+0800","caller":"03-gin_bluebell/main.go:37","msg":"logger init success..."}
{"level":"DEBUG","time":"2023-08-14T22:51:35.883+0800","caller":"03-gin_bluebell/main.go:37","msg":"logger init success..."}
{"level":"DEBUG","time":"2023-08-14T23:03:11.198+0800","caller":"03-gin_bluebell/main.go:37","msg":"logger init success..."}
{"level":"DEBUG","time":"2023-08-14T23:10:40.194+0800","caller":"03-gin_bluebell/main.go:37","msg":"logger init success..."}
{"level":"DEBUG","time":"2023-08-14T23:22:01.318+0800","caller":"03-gin_bluebell/main.go:37","msg":"logger init success..."}
{"level":"DEBUG","time":"2023-08-14T23:23:04.924+0800","caller":"03-gin_bluebell/main.go:37","msg":"logger init success..."}
{"level":"DEBUG","time":"2023-08-14T23:23:53.685+0800","caller":"03-gin_bluebell/main.go:37","msg":"logger init success..."}
{"level":"DEBUG","time":"2023-08-14T23:26:15.576+0800","caller":"03-gin_bluebell/main.go:37","msg":"logger init success..."}
{"level":"DEBUG","time":"2023-08-14T23:27:41.169+0800","caller":"03-gin_bluebell/main.go:37","msg":"logger init success..."}
{"level":"DEBUG","time":"2023-08-14T23:28:01.128+0800","caller":"03-gin_bluebell/main.go:37","msg":"logger init success..."}
{"level":"DEBUG","time":"2023-08-14T23:33:58.408+0800","caller":"03-gin_bluebell/main.go:37","msg":"logger init success..."}
{"level":"DEBUG","time":"2023-08-14T23:53:22.949+0800","caller":"03-gin_bluebell/main.go:41","msg":"logger init success..."}
{"level":"DEBUG","time":"2023-08-14T23:56:18.856+0800","caller":"03-gin_bluebell/main.go:37","msg":"logger init success..."}
{"level":"DEBUG","time":"2023-08-14T23:59:15.302+0800","caller":"03-gin_bluebell/main.go:37","msg":"logger init success..."}
{"level":"DEBUG","time":"2023-08-16T19:59:37.801+0800","caller":"03-gin_bluebell/main.go:37","msg":"logger init success..."}
{"level":"DEBUG","time":"2023-08-16T20:39:50.048+0800","caller":"03-gin_bluebell/main.go:37","msg":"logger init success..."}
{"level":"DEBUG","time":"2023-08-16T20:40:00.148+0800","caller":"03-gin_bluebell/main.go:37","msg":"logger init success..."}
